<?xml version="1.0" encoding="UTF-8"?>
<testsuite xmlns:xsi="http://www.w3.org/2001/XMLSchema-instance" xsi:noNamespaceSchemaLocation="https://maven.apache.org/surefire/maven-surefire-plugin/xsd/surefire-test-report.xsd" name="TestSuite" time="0.784" tests="0" errors="0" skipped="0" failures="0">
  <properties>
    <property name="java.specification.version" value="17"/>
    <property name="sun.cpu.isalist" value="amd64"/>
    <property name="sun.jnu.encoding" value="Cp1252"/>
    <property name="java.class.path" value="C:\Users\mohamed.abdelrahman\Documents\QProf-Assignment\AutomationPracticeWebApp\PetStoreAPIAutomationFramework\target\test-classes;C:\Users\mohamed.abdelrahman\Documents\QProf-Assignment\AutomationPracticeWebApp\PetStoreAPIAutomationFramework\target\classes;C:\Users\mohamed.abdelrahman\.m2\repository\org\testng\testng\7.8.0\testng-7.8.0.jar;C:\Users\mohamed.abdelrahman\.m2\repository\org\slf4j\slf4j-api\1.7.36\slf4j-api-1.7.36.jar;C:\Users\mohamed.abdelrahman\.m2\repository\com\beust\jcommander\1.82\jcommander-1.82.jar;C:\Users\mohamed.abdelrahman\.m2\repository\org\webjars\jquery\3.6.1\jquery-3.6.1.jar;C:\Users\mohamed.abdelrahman\.m2\repository\io\rest-assured\rest-assured\5.3.2\rest-assured-5.3.2.jar;C:\Users\mohamed.abdelrahman\.m2\repository\org\apache\groovy\groovy\4.0.11\groovy-4.0.11.jar;C:\Users\mohamed.abdelrahman\.m2\repository\org\apache\groovy\groovy-xml\4.0.11\groovy-xml-4.0.11.jar;C:\Users\mohamed.abdelrahman\.m2\repository\org\apache\httpcomponents\httpclient\4.5.13\httpclient-4.5.13.jar;C:\Users\mohamed.abdelrahman\.m2\repository\org\apache\httpcomponents\httpcore\4.4.13\httpcore-4.4.13.jar;C:\Users\mohamed.abdelrahman\.m2\repository\commons-logging\commons-logging\1.2\commons-logging-1.2.jar;C:\Users\mohamed.abdelrahman\.m2\repository\commons-codec\commons-codec\1.11\commons-codec-1.11.jar;C:\Users\mohamed.abdelrahman\.m2\repository\org\apache\httpcomponents\httpmime\4.5.13\httpmime-4.5.13.jar;C:\Users\mohamed.abdelrahman\.m2\repository\org\ccil\cowan\tagsoup\tagsoup\1.2.1\tagsoup-1.2.1.jar;C:\Users\mohamed.abdelrahman\.m2\repository\io\rest-assured\json-path\5.3.2\json-path-5.3.2.jar;C:\Users\mohamed.abdelrahman\.m2\repository\org\apache\groovy\groovy-json\4.0.11\groovy-json-4.0.11.jar;C:\Users\mohamed.abdelrahman\.m2\repository\io\rest-assured\rest-assured-common\5.3.2\rest-assured-common-5.3.2.jar;C:\Users\mohamed.abdelrahman\.m2\repository\io\rest-assured\xml-path\5.3.2\xml-path-5.3.2.jar;C:\Users\mohamed.abdelrahman\.m2\repository\org\apache\commons\commons-lang3\3.11\commons-lang3-3.11.jar;C:\Users\mohamed.abdelrahman\.m2\repository\org\hamcrest\hamcrest\2.2\hamcrest-2.2.jar;C:\Users\mohamed.abdelrahman\.m2\repository\io\cucumber\cucumber-java\7.15.0\cucumber-java-7.15.0.jar;C:\Users\mohamed.abdelrahman\.m2\repository\io\cucumber\cucumber-core\7.15.0\cucumber-core-7.15.0.jar;C:\Users\mohamed.abdelrahman\.m2\repository\io\cucumber\cucumber-gherkin\7.15.0\cucumber-gherkin-7.15.0.jar;C:\Users\mohamed.abdelrahman\.m2\repository\io\cucumber\cucumber-gherkin-messages\7.15.0\cucumber-gherkin-messages-7.15.0.jar;C:\Users\mohamed.abdelrahman\.m2\repository\io\cucumber\gherkin\26.2.0\gherkin-26.2.0.jar;C:\Users\mohamed.abdelrahman\.m2\repository\io\cucumber\messages\22.0.0\messages-22.0.0.jar;C:\Users\mohamed.abdelrahman\.m2\repository\io\cucumber\tag-expressions\6.0.0\tag-expressions-6.0.0.jar;C:\Users\mohamed.abdelrahman\.m2\repository\io\cucumber\cucumber-expressions\17.0.1\cucumber-expressions-17.0.1.jar;C:\Users\mohamed.abdelrahman\.m2\repository\io\cucumber\datatable\7.15.0\datatable-7.15.0.jar;C:\Users\mohamed.abdelrahman\.m2\repository\io\cucumber\cucumber-plugin\7.15.0\cucumber-plugin-7.15.0.jar;C:\Users\mohamed.abdelrahman\.m2\repository\io\cucumber\docstring\7.15.0\docstring-7.15.0.jar;C:\Users\mohamed.abdelrahman\.m2\repository\io\cucumber\html-formatter\20.4.0\html-formatter-20.4.0.jar;C:\Users\mohamed.abdelrahman\.m2\repository\io\cucumber\junit-xml-formatter\0.2.0\junit-xml-formatter-0.2.0.jar;C:\Users\mohamed.abdelrahman\.m2\repository\io\cucumber\ci-environment\10.0.0\ci-environment-10.0.0.jar;C:\Users\mohamed.abdelrahman\.m2\repository\org\apiguardian\apiguardian-api\1.1.2\apiguardian-api-1.1.2.jar;C:\Users\mohamed.abdelrahman\.m2\repository\io\cucumber\cucumber-testng\7.14.1\cucumber-testng-7.14.1.jar;"/>
    <property name="java.vm.vendor" value="Eclipse Adoptium"/>
    <property name="sun.arch.data.model" value="64"/>
    <property name="user.variant" value=""/>
    <property name="java.vendor.url" value="https://adoptium.net/"/>
    <property name="user.timezone" value="GMT+02:00"/>
    <property name="user.country.format" value="CY"/>
    <property name="os.name" value="Windows 10"/>
    <property name="java.vm.specification.version" value="17"/>
    <property name="sun.java.launcher" value="SUN_STANDARD"/>
    <property name="user.country" value="US"/>
    <property name="sun.boot.library.path" value="C:\Users\mohamed.abdelrahman\.p2\pool\plugins\org.eclipse.justj.openjdk.hotspot.jre.full.win32.x86_64_17.0.8.v20230831-1047\jre\bin"/>
    <property name="sun.java.command" value="C:\Users\MOHAME~1.ABD\AppData\Local\Temp\surefire6301823760300945618\surefirebooter9387857519949596478.jar C:\Users\mohamed.abdelrahman\AppData\Local\Temp\surefire6301823760300945618 2023-12-28T12-39-07_524-jvmRun1 surefire9344277629306349962tmp surefire_09517110427109284031tmp"/>
    <property name="jdk.debug" value="release"/>
    <property name="surefire.test.class.path" value="C:\Users\mohamed.abdelrahman\Documents\QProf-Assignment\AutomationPracticeWebApp\PetStoreAPIAutomationFramework\target\test-classes;C:\Users\mohamed.abdelrahman\Documents\QProf-Assignment\AutomationPracticeWebApp\PetStoreAPIAutomationFramework\target\classes;C:\Users\mohamed.abdelrahman\.m2\repository\org\testng\testng\7.8.0\testng-7.8.0.jar;C:\Users\mohamed.abdelrahman\.m2\repository\org\slf4j\slf4j-api\1.7.36\slf4j-api-1.7.36.jar;C:\Users\mohamed.abdelrahman\.m2\repository\com\beust\jcommander\1.82\jcommander-1.82.jar;C:\Users\mohamed.abdelrahman\.m2\repository\org\webjars\jquery\3.6.1\jquery-3.6.1.jar;C:\Users\mohamed.abdelrahman\.m2\repository\io\rest-assured\rest-assured\5.3.2\rest-assured-5.3.2.jar;C:\Users\mohamed.abdelrahman\.m2\repository\org\apache\groovy\groovy\4.0.11\groovy-4.0.11.jar;C:\Users\mohamed.abdelrahman\.m2\repository\org\apache\groovy\groovy-xml\4.0.11\groovy-xml-4.0.11.jar;C:\Users\mohamed.abdelrahman\.m2\repository\org\apache\httpcomponents\httpclient\4.5.13\httpclient-4.5.13.jar;C:\Users\mohamed.abdelrahman\.m2\repository\org\apache\httpcomponents\httpcore\4.4.13\httpcore-4.4.13.jar;C:\Users\mohamed.abdelrahman\.m2\repository\commons-logging\commons-logging\1.2\commons-logging-1.2.jar;C:\Users\mohamed.abdelrahman\.m2\repository\commons-codec\commons-codec\1.11\commons-codec-1.11.jar;C:\Users\mohamed.abdelrahman\.m2\repository\org\apache\httpcomponents\httpmime\4.5.13\httpmime-4.5.13.jar;C:\Users\mohamed.abdelrahman\.m2\repository\org\ccil\cowan\tagsoup\tagsoup\1.2.1\tagsoup-1.2.1.jar;C:\Users\mohamed.abdelrahman\.m2\repository\io\rest-assured\json-path\5.3.2\json-path-5.3.2.jar;C:\Users\mohamed.abdelrahman\.m2\repository\org\apache\groovy\groovy-json\4.0.11\groovy-json-4.0.11.jar;C:\Users\mohamed.abdelrahman\.m2\repository\io\rest-assured\rest-assured-common\5.3.2\rest-assured-common-5.3.2.jar;C:\Users\mohamed.abdelrahman\.m2\repository\io\rest-assured\xml-path\5.3.2\xml-path-5.3.2.jar;C:\Users\mohamed.abdelrahman\.m2\repository\org\apache\commons\commons-lang3\3.11\commons-lang3-3.11.jar;C:\Users\mohamed.abdelrahman\.m2\repository\org\hamcrest\hamcrest\2.2\hamcrest-2.2.jar;C:\Users\mohamed.abdelrahman\.m2\repository\io\cucumber\cucumber-java\7.15.0\cucumber-java-7.15.0.jar;C:\Users\mohamed.abdelrahman\.m2\repository\io\cucumber\cucumber-core\7.15.0\cucumber-core-7.15.0.jar;C:\Users\mohamed.abdelrahman\.m2\repository\io\cucumber\cucumber-gherkin\7.15.0\cucumber-gherkin-7.15.0.jar;C:\Users\mohamed.abdelrahman\.m2\repository\io\cucumber\cucumber-gherkin-messages\7.15.0\cucumber-gherkin-messages-7.15.0.jar;C:\Users\mohamed.abdelrahman\.m2\repository\io\cucumber\gherkin\26.2.0\gherkin-26.2.0.jar;C:\Users\mohamed.abdelrahman\.m2\repository\io\cucumber\messages\22.0.0\messages-22.0.0.jar;C:\Users\mohamed.abdelrahman\.m2\repository\io\cucumber\tag-expressions\6.0.0\tag-expressions-6.0.0.jar;C:\Users\mohamed.abdelrahman\.m2\repository\io\cucumber\cucumber-expressions\17.0.1\cucumber-expressions-17.0.1.jar;C:\Users\mohamed.abdelrahman\.m2\repository\io\cucumber\datatable\7.15.0\datatable-7.15.0.jar;C:\Users\mohamed.abdelrahman\.m2\repository\io\cucumber\cucumber-plugin\7.15.0\cucumber-plugin-7.15.0.jar;C:\Users\mohamed.abdelrahman\.m2\repository\io\cucumber\docstring\7.15.0\docstring-7.15.0.jar;C:\Users\mohamed.abdelrahman\.m2\repository\io\cucumber\html-formatter\20.4.0\html-formatter-20.4.0.jar;C:\Users\mohamed.abdelrahman\.m2\repository\io\cucumber\junit-xml-formatter\0.2.0\junit-xml-formatter-0.2.0.jar;C:\Users\mohamed.abdelrahman\.m2\repository\io\cucumber\ci-environment\10.0.0\ci-environment-10.0.0.jar;C:\Users\mohamed.abdelrahman\.m2\repository\org\apiguardian\apiguardian-api\1.1.2\apiguardian-api-1.1.2.jar;C:\Users\mohamed.abdelrahman\.m2\repository\io\cucumber\cucumber-testng\7.14.1\cucumber-testng-7.14.1.jar;"/>
    <property name="sun.cpu.endian" value="little"/>
    <property name="user.home" value="C:\Users\mohamed.abdelrahman"/>
    <property name="user.language" value="en"/>
    <property name="java.specification.vendor" value="Oracle Corporation"/>
    <property name="java.version.date" value="2023-08-24"/>
    <property name="java.home" value="C:\Users\mohamed.abdelrahman\.p2\pool\plugins\org.eclipse.justj.openjdk.hotspot.jre.full.win32.x86_64_17.0.8.v20230831-1047\jre"/>
    <property name="file.separator" value="\"/>
    <property name="style.color" value="always"/>
    <property name="basedir" value="C:\Users\mohamed.abdelrahman\Documents\QProf-Assignment\AutomationPracticeWebApp\PetStoreAPIAutomationFramework"/>
    <property name="java.vm.compressedOopsMode" value="Zero based"/>
    <property name="line.separator" value="&#10;"/>
    <property name="java.vm.specification.vendor" value="Oracle Corporation"/>
    <property name="java.specification.name" value="Java Platform API Specification"/>
    <property name="surefire.real.class.path" value="C:\Users\MOHAME~1.ABD\AppData\Local\Temp\surefire6301823760300945618\surefirebooter9387857519949596478.jar"/>
    <property name="user.script" value=""/>
    <property name="sun.management.compiler" value="HotSpot 64-Bit Tiered Compilers"/>
    <property name="java.runtime.version" value="17.0.8.1+1"/>
    <property name="user.name" value="mohamed.abdelrahman"/>
    <property name="path.separator" value=";"/>
    <property name="os.version" value="10.0"/>
    <property name="java.runtime.name" value="OpenJDK Runtime Environment"/>
    <property name="file.encoding" value="Cp1252"/>
    <property name="java.vm.name" value="OpenJDK 64-Bit Server VM"/>
    <property name="java.vendor.version" value="Temurin-17.0.8.1+1"/>
    <property name="localRepository" value="C:\Users\mohamed.abdelrahman\.m2\repository"/>
    <property name="java.vendor.url.bug" value="https://github.com/adoptium/adoptium-support/issues"/>
    <property name="java.io.tmpdir" value="C:\Users\MOHAME~1.ABD\AppData\Local\Temp\"/>
    <property name="java.version" value="17.0.8.1"/>
    <property name="user.dir" value="C:\Users\mohamed.abdelrahman\Documents\QProf-Assignment\AutomationPracticeWebApp\PetStoreAPIAutomationFramework"/>
    <property name="os.arch" value="amd64"/>
    <property name="java.vm.specification.name" value="Java Virtual Machine Specification"/>
    <property name="sun.os.patch.level" value=""/>
    <property name="native.encoding" value="Cp1252"/>
    <property name="java.library.path" value="C:\Users\mohamed.abdelrahman\.p2\pool\plugins\org.eclipse.justj.openjdk.hotspot.jre.full.win32.x86_64_17.0.8.v20230831-1047\jre\bin;C:\Windows\Sun\Java\bin;C:\Windows\system32;C:\Windows;C:/Users/mohamed.abdelrahman/.p2/pool/plugins/org.eclipse.justj.openjdk.hotspot.jre.full.win32.x86_64_17.0.8.v20230831-1047/jre/bin/server;C:/Users/mohamed.abdelrahman/.p2/pool/plugins/org.eclipse.justj.openjdk.hotspot.jre.full.win32.x86_64_17.0.8.v20230831-1047/jre/bin;C:\Program Files\Common Files\Oracle\Java\javapath;C:\Program Files (x86)\Common Files\Oracle\Java\javapath;C:\Python311\Scripts\;C:\Python311\;C:\Windows\system32;C:\Windows;C:\Windows\System32\Wbem;C:\Windows\System32\WindowsPowerShell\v1.0\;C:\Windows\System32\OpenSSH\;C:\Program Files\nodejs\;C:\ProgramData\chocolatey\bin;C:\Program Files\Git\cmd;C:\Users\mohamed.abdelrahman\AppData\Local\Programs\Microsoft VS Code\bin;C:\Program Files (x86)\Java\jdk-11.0.2\bin;C:\Program Files (x86)\Groovy\bin;C:\Program Files\Docker\Docker\resources\bin;C:\Users\mohamed.abdelrahman\AppData\Local\Microsoft\WindowsApps;C:\Users\mohamed.abdelrahman\AppData\Roaming\npm;C:\Users\mohamed.abdelrahman\AppData\Local\Programs\Microsoft VS Code\bin;C:\Program Files\JetBrains\IntelliJ IDEA Community Edition 2023.2.2\bin;;C:\Users\mohamed.abdelrahman\AppData\Local\Android\Sdk\platform-tools;C:\Users\mohamed.abdelrahman\AppData\Local\Android\Sdk\cmdline-tools\2.0\bin;C:\Users\mohamed.abdelrahman\AppData\Local\Android\Sdk\tools\bin;C:\Users\mohamed.abdelrahman\AppData\Local\Android\Sdk\tools\bin\node_modules\appium-uiautomator2-driver\bin;C:\Program Files\Java\jdk-11;C:\Users\mohamed.abdelrahman\Documents\Maven\apache-maven-3.9.5\bin;C:\Users\mohamed.abdelrahman\.jenkins;C:\Program Files (x86)\Groovy\;;C:\Windows\System32;;."/>
    <property name="java.vm.info" value="mixed mode"/>
    <property name="java.vendor" value="Eclipse Adoptium"/>
    <property name="java.vm.version" value="17.0.8.1+1"/>
    <property name="sun.io.unicode.encoding" value="UnicodeLittle"/>
    <property name="java.class.version" value="61.0"/>
  </properties>
</testsuite>