<?xml version="1.0" encoding="UTF-8"?>
<!-- Generated by org.testng.reporters.JUnitReportReporter -->
<testsuite hostname="Mohamed-Abdelrahman" failures="0" tests="1" name="crudOperations.AddNewPet" time="1.748" errors="0" timestamp="2023-12-28T10:25:17 GMT+02:00" skipped="0">
  <testcase classname="crudOperations.AddNewPet" name="addNewPet" time="1.748"/>
</testsuite> <!-- crudOperations.AddNewPet -->
